<?xml version="1.0" encoding="UTF-8"?>
<testsuite name="com.example.org.springboot_practice.web.PostsApiControllerTest" tests="3" skipped="0" failures="0" errors="0" timestamp="2020-04-27T14:10:53" hostname="YOUNGJIN-MacBookPro.local" time="0.55">
  <properties/>
  <testcase name="Add_Posts" classname="com.example.org.springboot_practice.web.PostsApiControllerTest" time="0.41"/>
  <testcase name="Update_Posts" classname="com.example.org.springboot_practice.web.PostsApiControllerTest" time="0.077"/>
  <testcase name="Delete_Posts" classname="com.example.org.springboot_practice.web.PostsApiControllerTest" time="0.059"/>
  <system-out><![CDATA[2020-04-27 23:10:53.427  INFO 69657 --- [    Test worker] .b.t.c.SpringBootTestContextBootstrapper : Neither @ContextConfiguration nor @ContextHierarchy found for test class [com.example.org.springboot_practice.web.PostsApiControllerTest], using SpringBootContextLoader
2020-04-27 23:10:53.429  INFO 69657 --- [    Test worker] o.s.t.c.support.AbstractContextLoader    : Could not detect default resource locations for test class [com.example.org.springboot_practice.web.PostsApiControllerTest]: no resource found for suffixes {-context.xml, Context.groovy}.
2020-04-27 23:10:53.429  INFO 69657 --- [    Test worker] t.c.s.AnnotationConfigContextLoaderUtils : Could not detect default configuration classes for test class [com.example.org.springboot_practice.web.PostsApiControllerTest]: PostsApiControllerTest does not declare any static, non-private, non-final, nested classes annotated with @Configuration.
2020-04-27 23:10:53.431  INFO 69657 --- [    Test worker] .b.t.c.SpringBootTestContextBootstrapper : Found @SpringBootConfiguration com.example.org.springboot_practice.Application for test class com.example.org.springboot_practice.web.PostsApiControllerTest
2020-04-27 23:10:53.432  INFO 69657 --- [    Test worker] .b.t.c.SpringBootTestContextBootstrapper : Loaded default TestExecutionListener class names from location [META-INF/spring.factories]: [org.springframework.security.test.context.support.WithSecurityContextTestExecutionListener, org.springframework.security.test.context.support.ReactorContextTestExecutionListener, org.springframework.boot.test.autoconfigure.restdocs.RestDocsTestExecutionListener, org.springframework.boot.test.autoconfigure.web.client.MockRestServiceServerResetTestExecutionListener, org.springframework.boot.test.autoconfigure.web.servlet.MockMvcPrintOnlyOnFailureTestExecutionListener, org.springframework.boot.test.autoconfigure.web.servlet.WebDriverTestExecutionListener, org.springframework.boot.test.mock.mockito.MockitoTestExecutionListener, org.springframework.boot.test.mock.mockito.ResetMocksTestExecutionListener, org.springframework.test.context.web.ServletTestExecutionListener, org.springframework.test.context.support.DirtiesContextBeforeModesTestExecutionListener, org.springframework.test.context.support.DependencyInjectionTestExecutionListener, org.springframework.test.context.support.DirtiesContextTestExecutionListener, org.springframework.test.context.transaction.TransactionalTestExecutionListener, org.springframework.test.context.jdbc.SqlScriptsTestExecutionListener]
2020-04-27 23:10:53.433  INFO 69657 --- [    Test worker] .b.t.c.SpringBootTestContextBootstrapper : Using TestExecutionListeners: [org.springframework.test.context.web.ServletTestExecutionListener@4e917a85, org.springframework.test.context.support.DirtiesContextBeforeModesTestExecutionListener@1882b474, org.springframework.boot.test.mock.mockito.MockitoTestExecutionListener@41ae4033, org.springframework.boot.test.autoconfigure.SpringBootDependencyInjectionTestExecutionListener@26c43809, org.springframework.test.context.support.DirtiesContextTestExecutionListener@63c42b06, org.springframework.test.context.transaction.TransactionalTestExecutionListener@6e68121e, org.springframework.test.context.jdbc.SqlScriptsTestExecutionListener@5df47838, org.springframework.security.test.context.support.WithSecurityContextTestExecutionListener@5af717ff, org.springframework.security.test.context.support.ReactorContextTestExecutionListener@18298bbc, org.springframework.boot.test.autoconfigure.restdocs.RestDocsTestExecutionListener@367f8245, org.springframework.boot.test.autoconfigure.web.client.MockRestServiceServerResetTestExecutionListener@4834090a, org.springframework.boot.test.autoconfigure.web.servlet.MockMvcPrintOnlyOnFailureTestExecutionListener@2a1ea71c, org.springframework.boot.test.autoconfigure.web.servlet.WebDriverTestExecutionListener@7ebebd88, org.springframework.boot.test.mock.mockito.ResetMocksTestExecutionListener@341965b0]
2020-04-27 23:10:53.441  INFO 69657 --- [    Test worker] o.a.c.c.C.[Tomcat].[localhost].[/]       : Initializing Spring TestDispatcherServlet ''
2020-04-27 23:10:53.441  INFO 69657 --- [    Test worker] o.s.t.web.servlet.TestDispatcherServlet  : Initializing Servlet ''
2020-04-27 23:10:53.464  INFO 69657 --- [    Test worker] o.s.t.web.servlet.TestDispatcherServlet  : Completed initialization in 22 ms
Hibernate: insert into posts (created_date, modified_date, author, content, title) values (?, ?, ?, ?, ?)
Hibernate: select posts0_.id as id1_0_, posts0_.created_date as created_2_0_, posts0_.modified_date as modified3_0_, posts0_.author as author4_0_, posts0_.content as content5_0_, posts0_.title as title6_0_ from posts posts0_
Hibernate: select posts0_.id as id1_0_, posts0_.created_date as created_2_0_, posts0_.modified_date as modified3_0_, posts0_.author as author4_0_, posts0_.content as content5_0_, posts0_.title as title6_0_ from posts posts0_
Hibernate: delete from posts where id=?
2020-04-27 23:10:53.853  INFO 69657 --- [    Test worker] o.a.c.c.C.[Tomcat].[localhost].[/]       : Initializing Spring TestDispatcherServlet ''
2020-04-27 23:10:53.854  INFO 69657 --- [    Test worker] o.s.t.web.servlet.TestDispatcherServlet  : Initializing Servlet ''
2020-04-27 23:10:53.861  INFO 69657 --- [    Test worker] o.s.t.web.servlet.TestDispatcherServlet  : Completed initialization in 7 ms
Hibernate: insert into posts (created_date, modified_date, author, content, title) values (?, ?, ?, ?, ?)
Hibernate: select posts0_.id as id1_0_0_, posts0_.created_date as created_2_0_0_, posts0_.modified_date as modified3_0_0_, posts0_.author as author4_0_0_, posts0_.content as content5_0_0_, posts0_.title as title6_0_0_ from posts posts0_ where posts0_.id=?
Hibernate: update posts set created_date=?, modified_date=?, author=?, content=?, title=? where id=?
Hibernate: select posts0_.id as id1_0_, posts0_.created_date as created_2_0_, posts0_.modified_date as modified3_0_, posts0_.author as author4_0_, posts0_.content as content5_0_, posts0_.title as title6_0_ from posts posts0_
Hibernate: select posts0_.id as id1_0_, posts0_.created_date as created_2_0_, posts0_.modified_date as modified3_0_, posts0_.author as author4_0_, posts0_.content as content5_0_, posts0_.title as title6_0_ from posts posts0_
Hibernate: delete from posts where id=?
2020-04-27 23:10:53.930  INFO 69657 --- [    Test worker] o.a.c.c.C.[Tomcat].[localhost].[/]       : Initializing Spring TestDispatcherServlet ''
2020-04-27 23:10:53.931  INFO 69657 --- [    Test worker] o.s.t.web.servlet.TestDispatcherServlet  : Initializing Servlet ''
2020-04-27 23:10:53.934  INFO 69657 --- [    Test worker] o.s.t.web.servlet.TestDispatcherServlet  : Completed initialization in 3 ms
Hibernate: insert into posts (created_date, modified_date, author, content, title) values (?, ?, ?, ?, ?)
Hibernate: select posts0_.id as id1_0_0_, posts0_.created_date as created_2_0_0_, posts0_.modified_date as modified3_0_0_, posts0_.author as author4_0_0_, posts0_.content as content5_0_0_, posts0_.title as title6_0_0_ from posts posts0_ where posts0_.id=?
Hibernate: delete from posts where id=?
Hibernate: select posts0_.id as id1_0_, posts0_.created_date as created_2_0_, posts0_.modified_date as modified3_0_, posts0_.author as author4_0_, posts0_.content as content5_0_, posts0_.title as title6_0_ from posts posts0_
]]></system-out>
  <system-err><![CDATA[]]></system-err>
</testsuite>
