<?xml version="1.0" encoding="UTF-8"?>
<testsuite name="com.example.org.springboot_practice.web.PostsApiControllerTest" tests="3" skipped="0" failures="0" errors="0" timestamp="2020-05-02T06:51:53" hostname="YOUNGJIN-MacBookPro.local" time="0.277">
  <properties/>
  <testcase name="Add_Posts" classname="com.example.org.springboot_practice.web.PostsApiControllerTest" time="0.21"/>
  <testcase name="Update_Posts" classname="com.example.org.springboot_practice.web.PostsApiControllerTest" time="0.035"/>
  <testcase name="Delete_Posts" classname="com.example.org.springboot_practice.web.PostsApiControllerTest" time="0.03"/>
  <system-out><![CDATA[2020-05-02 15:51:53.233  INFO 35529 --- [    Test worker] .b.t.c.SpringBootTestContextBootstrapper : Neither @ContextConfiguration nor @ContextHierarchy found for test class [com.example.org.springboot_practice.web.PostsApiControllerTest], using SpringBootContextLoader
2020-05-02 15:51:53.234  INFO 35529 --- [    Test worker] o.s.t.c.support.AbstractContextLoader    : Could not detect default resource locations for test class [com.example.org.springboot_practice.web.PostsApiControllerTest]: no resource found for suffixes {-context.xml, Context.groovy}.
2020-05-02 15:51:53.235  INFO 35529 --- [    Test worker] t.c.s.AnnotationConfigContextLoaderUtils : Could not detect default configuration classes for test class [com.example.org.springboot_practice.web.PostsApiControllerTest]: PostsApiControllerTest does not declare any static, non-private, non-final, nested classes annotated with @Configuration.
2020-05-02 15:51:53.236  INFO 35529 --- [    Test worker] .b.t.c.SpringBootTestContextBootstrapper : Found @SpringBootConfiguration com.example.org.springboot_practice.Application for test class com.example.org.springboot_practice.web.PostsApiControllerTest
2020-05-02 15:51:53.237  INFO 35529 --- [    Test worker] .b.t.c.SpringBootTestContextBootstrapper : Loaded default TestExecutionListener class names from location [META-INF/spring.factories]: [org.springframework.security.test.context.support.WithSecurityContextTestExecutionListener, org.springframework.security.test.context.support.ReactorContextTestExecutionListener, org.springframework.boot.test.autoconfigure.restdocs.RestDocsTestExecutionListener, org.springframework.boot.test.autoconfigure.web.client.MockRestServiceServerResetTestExecutionListener, org.springframework.boot.test.autoconfigure.web.servlet.MockMvcPrintOnlyOnFailureTestExecutionListener, org.springframework.boot.test.autoconfigure.web.servlet.WebDriverTestExecutionListener, org.springframework.boot.test.mock.mockito.MockitoTestExecutionListener, org.springframework.boot.test.mock.mockito.ResetMocksTestExecutionListener, org.springframework.test.context.web.ServletTestExecutionListener, org.springframework.test.context.support.DirtiesContextBeforeModesTestExecutionListener, org.springframework.test.context.support.DependencyInjectionTestExecutionListener, org.springframework.test.context.support.DirtiesContextTestExecutionListener, org.springframework.test.context.transaction.TransactionalTestExecutionListener, org.springframework.test.context.jdbc.SqlScriptsTestExecutionListener]
2020-05-02 15:51:53.238  INFO 35529 --- [    Test worker] .b.t.c.SpringBootTestContextBootstrapper : Using TestExecutionListeners: [org.springframework.test.context.web.ServletTestExecutionListener@2803e596, org.springframework.test.context.support.DirtiesContextBeforeModesTestExecutionListener@55c34d02, org.springframework.boot.test.mock.mockito.MockitoTestExecutionListener@455fbbe3, org.springframework.boot.test.autoconfigure.SpringBootDependencyInjectionTestExecutionListener@4e9375ed, org.springframework.test.context.support.DirtiesContextTestExecutionListener@790b06fc, org.springframework.test.context.transaction.TransactionalTestExecutionListener@36efef82, org.springframework.test.context.jdbc.SqlScriptsTestExecutionListener@ed7da1f, org.springframework.security.test.context.support.WithSecurityContextTestExecutionListener@5b3efa35, org.springframework.security.test.context.support.ReactorContextTestExecutionListener@7aa33b48, org.springframework.boot.test.autoconfigure.restdocs.RestDocsTestExecutionListener@33f95861, org.springframework.boot.test.autoconfigure.web.client.MockRestServiceServerResetTestExecutionListener@34e6b23, org.springframework.boot.test.autoconfigure.web.servlet.MockMvcPrintOnlyOnFailureTestExecutionListener@2f8dd62d, org.springframework.boot.test.autoconfigure.web.servlet.WebDriverTestExecutionListener@4c97d1ef, org.springframework.boot.test.mock.mockito.ResetMocksTestExecutionListener@35d4b24c]
2020-05-02 15:51:53.249  INFO 35529 --- [    Test worker] o.a.c.c.C.[Tomcat].[localhost].[/]       : Initializing Spring TestDispatcherServlet ''
2020-05-02 15:51:53.249  INFO 35529 --- [    Test worker] o.s.t.web.servlet.TestDispatcherServlet  : Initializing Servlet ''
2020-05-02 15:51:53.256  INFO 35529 --- [    Test worker] o.s.t.web.servlet.TestDispatcherServlet  : Completed initialization in 6 ms
Hibernate: insert into posts (created_date, modified_date, author, content, title) values (?, ?, ?, ?, ?)
Hibernate: select posts0_.id as id1_0_, posts0_.created_date as created_2_0_, posts0_.modified_date as modified3_0_, posts0_.author as author4_0_, posts0_.content as content5_0_, posts0_.title as title6_0_ from posts posts0_
Hibernate: select posts0_.id as id1_0_, posts0_.created_date as created_2_0_, posts0_.modified_date as modified3_0_, posts0_.author as author4_0_, posts0_.content as content5_0_, posts0_.title as title6_0_ from posts posts0_
Hibernate: delete from posts where id=?
2020-05-02 15:51:53.459  INFO 35529 --- [    Test worker] o.a.c.c.C.[Tomcat].[localhost].[/]       : Initializing Spring TestDispatcherServlet ''
2020-05-02 15:51:53.459  INFO 35529 --- [    Test worker] o.s.t.web.servlet.TestDispatcherServlet  : Initializing Servlet ''
2020-05-02 15:51:53.465  INFO 35529 --- [    Test worker] o.s.t.web.servlet.TestDispatcherServlet  : Completed initialization in 6 ms
Hibernate: insert into posts (created_date, modified_date, author, content, title) values (?, ?, ?, ?, ?)
Hibernate: select posts0_.id as id1_0_0_, posts0_.created_date as created_2_0_0_, posts0_.modified_date as modified3_0_0_, posts0_.author as author4_0_0_, posts0_.content as content5_0_0_, posts0_.title as title6_0_0_ from posts posts0_ where posts0_.id=?
Hibernate: update posts set created_date=?, modified_date=?, author=?, content=?, title=? where id=?
Hibernate: select posts0_.id as id1_0_, posts0_.created_date as created_2_0_, posts0_.modified_date as modified3_0_, posts0_.author as author4_0_, posts0_.content as content5_0_, posts0_.title as title6_0_ from posts posts0_
Hibernate: select posts0_.id as id1_0_, posts0_.created_date as created_2_0_, posts0_.modified_date as modified3_0_, posts0_.author as author4_0_, posts0_.content as content5_0_, posts0_.title as title6_0_ from posts posts0_
Hibernate: delete from posts where id=?
2020-05-02 15:51:53.496  INFO 35529 --- [    Test worker] o.a.c.c.C.[Tomcat].[localhost].[/]       : Initializing Spring TestDispatcherServlet ''
2020-05-02 15:51:53.496  INFO 35529 --- [    Test worker] o.s.t.web.servlet.TestDispatcherServlet  : Initializing Servlet ''
2020-05-02 15:51:53.503  INFO 35529 --- [    Test worker] o.s.t.web.servlet.TestDispatcherServlet  : Completed initialization in 7 ms
Hibernate: insert into posts (created_date, modified_date, author, content, title) values (?, ?, ?, ?, ?)
Hibernate: select posts0_.id as id1_0_0_, posts0_.created_date as created_2_0_0_, posts0_.modified_date as modified3_0_0_, posts0_.author as author4_0_0_, posts0_.content as content5_0_0_, posts0_.title as title6_0_0_ from posts posts0_ where posts0_.id=?
Hibernate: delete from posts where id=?
Hibernate: select posts0_.id as id1_0_, posts0_.created_date as created_2_0_, posts0_.modified_date as modified3_0_, posts0_.author as author4_0_, posts0_.content as content5_0_, posts0_.title as title6_0_ from posts posts0_
]]></system-out>
  <system-err><![CDATA[]]></system-err>
</testsuite>
