<?xml version="1.0" encoding="UTF-8"?>
<testsuite name="com.example.org.springboot_practice.web.PostsApiControllerTest" tests="3" skipped="0" failures="0" errors="0" timestamp="2020-05-02T07:49:18" hostname="YOUNGJIN-MacBookPro.local" time="0.508">
  <properties/>
  <testcase name="Add_Posts" classname="com.example.org.springboot_practice.web.PostsApiControllerTest" time="0.36"/>
  <testcase name="Update_Posts" classname="com.example.org.springboot_practice.web.PostsApiControllerTest" time="0.095"/>
  <testcase name="Delete_Posts" classname="com.example.org.springboot_practice.web.PostsApiControllerTest" time="0.047"/>
  <system-out><![CDATA[2020-05-02 16:49:18.089  INFO 36191 --- [    Test worker] .b.t.c.SpringBootTestContextBootstrapper : Neither @ContextConfiguration nor @ContextHierarchy found for test class [com.example.org.springboot_practice.web.PostsApiControllerTest], using SpringBootContextLoader
2020-05-02 16:49:18.091  INFO 36191 --- [    Test worker] o.s.t.c.support.AbstractContextLoader    : Could not detect default resource locations for test class [com.example.org.springboot_practice.web.PostsApiControllerTest]: no resource found for suffixes {-context.xml, Context.groovy}.
2020-05-02 16:49:18.091  INFO 36191 --- [    Test worker] t.c.s.AnnotationConfigContextLoaderUtils : Could not detect default configuration classes for test class [com.example.org.springboot_practice.web.PostsApiControllerTest]: PostsApiControllerTest does not declare any static, non-private, non-final, nested classes annotated with @Configuration.
2020-05-02 16:49:18.094  INFO 36191 --- [    Test worker] .b.t.c.SpringBootTestContextBootstrapper : Found @SpringBootConfiguration com.example.org.springboot_practice.Application for test class com.example.org.springboot_practice.web.PostsApiControllerTest
2020-05-02 16:49:18.096  INFO 36191 --- [    Test worker] .b.t.c.SpringBootTestContextBootstrapper : Loaded default TestExecutionListener class names from location [META-INF/spring.factories]: [org.springframework.security.test.context.support.WithSecurityContextTestExecutionListener, org.springframework.security.test.context.support.ReactorContextTestExecutionListener, org.springframework.boot.test.autoconfigure.restdocs.RestDocsTestExecutionListener, org.springframework.boot.test.autoconfigure.web.client.MockRestServiceServerResetTestExecutionListener, org.springframework.boot.test.autoconfigure.web.servlet.MockMvcPrintOnlyOnFailureTestExecutionListener, org.springframework.boot.test.autoconfigure.web.servlet.WebDriverTestExecutionListener, org.springframework.boot.test.mock.mockito.MockitoTestExecutionListener, org.springframework.boot.test.mock.mockito.ResetMocksTestExecutionListener, org.springframework.test.context.web.ServletTestExecutionListener, org.springframework.test.context.support.DirtiesContextBeforeModesTestExecutionListener, org.springframework.test.context.support.DependencyInjectionTestExecutionListener, org.springframework.test.context.support.DirtiesContextTestExecutionListener, org.springframework.test.context.transaction.TransactionalTestExecutionListener, org.springframework.test.context.jdbc.SqlScriptsTestExecutionListener]
2020-05-02 16:49:18.097  INFO 36191 --- [    Test worker] .b.t.c.SpringBootTestContextBootstrapper : Using TestExecutionListeners: [org.springframework.test.context.web.ServletTestExecutionListener@29f33b33, org.springframework.test.context.support.DirtiesContextBeforeModesTestExecutionListener@343aea09, org.springframework.boot.test.mock.mockito.MockitoTestExecutionListener@6a066d00, org.springframework.boot.test.autoconfigure.SpringBootDependencyInjectionTestExecutionListener@48a1e527, org.springframework.test.context.support.DirtiesContextTestExecutionListener@78bb75a3, org.springframework.test.context.transaction.TransactionalTestExecutionListener@1b32a21f, org.springframework.test.context.jdbc.SqlScriptsTestExecutionListener@4205a214, org.springframework.security.test.context.support.WithSecurityContextTestExecutionListener@54affae, org.springframework.security.test.context.support.ReactorContextTestExecutionListener@267f94c9, org.springframework.boot.test.autoconfigure.restdocs.RestDocsTestExecutionListener@28d3f843, org.springframework.boot.test.autoconfigure.web.client.MockRestServiceServerResetTestExecutionListener@47a9ea4f, org.springframework.boot.test.autoconfigure.web.servlet.MockMvcPrintOnlyOnFailureTestExecutionListener@15ccda9b, org.springframework.boot.test.autoconfigure.web.servlet.WebDriverTestExecutionListener@4f4fcd37, org.springframework.boot.test.mock.mockito.ResetMocksTestExecutionListener@78e9257d]
2020-05-02 16:49:18.107  INFO 36191 --- [    Test worker] o.a.c.c.C.[Tomcat].[localhost].[/]       : Initializing Spring TestDispatcherServlet ''
2020-05-02 16:49:18.107  INFO 36191 --- [    Test worker] o.s.t.web.servlet.TestDispatcherServlet  : Initializing Servlet ''
2020-05-02 16:49:18.112  INFO 36191 --- [    Test worker] o.s.t.web.servlet.TestDispatcherServlet  : Completed initialization in 5 ms
Hibernate: insert into posts (created_date, modified_date, author, content, title) values (?, ?, ?, ?, ?)
Hibernate: select posts0_.id as id1_0_, posts0_.created_date as created_2_0_, posts0_.modified_date as modified3_0_, posts0_.author as author4_0_, posts0_.content as content5_0_, posts0_.title as title6_0_ from posts posts0_
Hibernate: select posts0_.id as id1_0_, posts0_.created_date as created_2_0_, posts0_.modified_date as modified3_0_, posts0_.author as author4_0_, posts0_.content as content5_0_, posts0_.title as title6_0_ from posts posts0_
Hibernate: delete from posts where id=?
2020-05-02 16:49:18.473  INFO 36191 --- [    Test worker] o.a.c.c.C.[Tomcat].[localhost].[/]       : Initializing Spring TestDispatcherServlet ''
2020-05-02 16:49:18.474  INFO 36191 --- [    Test worker] o.s.t.web.servlet.TestDispatcherServlet  : Initializing Servlet ''
2020-05-02 16:49:18.479  INFO 36191 --- [    Test worker] o.s.t.web.servlet.TestDispatcherServlet  : Completed initialization in 4 ms
Hibernate: insert into posts (created_date, modified_date, author, content, title) values (?, ?, ?, ?, ?)
Hibernate: select posts0_.id as id1_0_0_, posts0_.created_date as created_2_0_0_, posts0_.modified_date as modified3_0_0_, posts0_.author as author4_0_0_, posts0_.content as content5_0_0_, posts0_.title as title6_0_0_ from posts posts0_ where posts0_.id=?
Hibernate: update posts set created_date=?, modified_date=?, author=?, content=?, title=? where id=?
Hibernate: select posts0_.id as id1_0_, posts0_.created_date as created_2_0_, posts0_.modified_date as modified3_0_, posts0_.author as author4_0_, posts0_.content as content5_0_, posts0_.title as title6_0_ from posts posts0_
Hibernate: select posts0_.id as id1_0_, posts0_.created_date as created_2_0_, posts0_.modified_date as modified3_0_, posts0_.author as author4_0_, posts0_.content as content5_0_, posts0_.title as title6_0_ from posts posts0_
Hibernate: delete from posts where id=?
2020-05-02 16:49:18.566  INFO 36191 --- [    Test worker] o.a.c.c.C.[Tomcat].[localhost].[/]       : Initializing Spring TestDispatcherServlet ''
2020-05-02 16:49:18.568  INFO 36191 --- [    Test worker] o.s.t.web.servlet.TestDispatcherServlet  : Initializing Servlet ''
2020-05-02 16:49:18.576  INFO 36191 --- [    Test worker] o.s.t.web.servlet.TestDispatcherServlet  : Completed initialization in 6 ms
Hibernate: insert into posts (created_date, modified_date, author, content, title) values (?, ?, ?, ?, ?)
Hibernate: select posts0_.id as id1_0_0_, posts0_.created_date as created_2_0_0_, posts0_.modified_date as modified3_0_0_, posts0_.author as author4_0_0_, posts0_.content as content5_0_0_, posts0_.title as title6_0_0_ from posts posts0_ where posts0_.id=?
Hibernate: delete from posts where id=?
Hibernate: select posts0_.id as id1_0_, posts0_.created_date as created_2_0_, posts0_.modified_date as modified3_0_, posts0_.author as author4_0_, posts0_.content as content5_0_, posts0_.title as title6_0_ from posts posts0_
]]></system-out>
  <system-err><![CDATA[]]></system-err>
</testsuite>
